<?xml version="1.0" encoding="UTF-8"?>
<!-- Generated by org.testng.reporters.JUnitReportReporter -->
<testsuite hostname="Pradeepkulal-PC" failures="0" tests="10" name="org.intuitiveapps.Kycee.Tests.createNewBlog" time="205.896" errors="0" timestamp="2024-02-20T15:36:27 IST" skipped="0">
  <testcase classname="org.intuitiveapps.Kycee.Tests.createNewBlog" name="createNewBlogTest" time="19.754"/>
  <testcase classname="org.intuitiveapps.Kycee.Tests.createNewBlog" name="createNewBlogTest" time="24.740"/>
  <testcase classname="org.intuitiveapps.Kycee.Tests.createNewBlog" name="createNewBlogTest" time="22.709"/>
  <testcase classname="org.intuitiveapps.Kycee.Tests.createNewBlog" name="createNewBlogTest" time="18.104"/>
  <testcase classname="org.intuitiveapps.Kycee.Tests.createNewBlog" name="createNewBlogTest" time="18.320"/>
  <testcase classname="org.intuitiveapps.Kycee.Tests.createNewBlog" name="createNewBlogTest" time="24.938"/>
  <testcase classname="org.intuitiveapps.Kycee.Tests.createNewBlog" name="createNewBlogTest" time="15.995"/>
  <testcase classname="org.intuitiveapps.Kycee.Tests.createNewBlog" name="createNewBlogTest" time="24.338"/>
  <testcase classname="org.intuitiveapps.Kycee.Tests.createNewBlog" name="createNewBlogTest" time="19.197"/>
  <testcase classname="org.intuitiveapps.Kycee.Tests.createNewBlog" name="createNewBlogTest" time="17.801"/>
</testsuite> <!-- org.intuitiveapps.Kycee.Tests.createNewBlog -->
