<?xml version="1.0" encoding="UTF-8"?>
<!-- Generated by org.testng.reporters.JUnitReportReporter -->
<testsuite hostname="Pradeepkulal-PC" failures="0" tests="13" name="org.intuitiveapps.Kycee.Tests.LoginTest" time="572.666" errors="0" timestamp="2024-08-20T16:25:03 IST" skipped="0">
  <testcase classname="org.intuitiveapps.Kycee.Tests.LoginTest" name="loginWithSuperAdmin" time="97.790"/>
  <testcase classname="org.intuitiveapps.Kycee.Tests.LoginTest" name="loginWithCustomer" time="88.670"/>
  <testcase classname="org.intuitiveapps.Kycee.Tests.LoginTest" name="loginWithBusinessAdmin" time="89.987"/>
  <testcase classname="org.intuitiveapps.Kycee.Tests.LoginTest" name="loginWithBusinessUser" time="97.543"/>
  <testcase classname="org.intuitiveapps.Kycee.Tests.LoginTest" name="loginWithBlogger" time="84.055"/>
  <testcase classname="org.intuitiveapps.Kycee.Tests.LoginTest" name="loginWithInvalidEmail" time="13.444"/>
  <testcase classname="org.intuitiveapps.Kycee.Tests.LoginTest" name="loginWithInvalidPassword" time="12.862"/>
  <testcase classname="org.intuitiveapps.Kycee.Tests.LoginTest" name="loginWithInvalidEmailFormat" time="12.581"/>
  <testcase classname="org.intuitiveapps.Kycee.Tests.LoginTest" name="loginWithEmptyPassword" time="17.070"/>
  <testcase classname="org.intuitiveapps.Kycee.Tests.LoginTest" name="loginWithEmptyEmail" time="11.875"/>
  <testcase classname="org.intuitiveapps.Kycee.Tests.LoginTest" name="loginWithInActiveUser" time="16.795"/>
  <testcase classname="org.intuitiveapps.Kycee.Tests.LoginTest" name="loginWithInTerminatedUser" time="14.707"/>
  <testcase classname="org.intuitiveapps.Kycee.Tests.LoginTest" name="navigationToForgotPasswordPage" time="15.287"/>
</testsuite> <!-- org.intuitiveapps.Kycee.Tests.LoginTest -->
