<?xml version="1.0" encoding="UTF-8"?>
<!-- Generated by org.testng.reporters.JUnitReportReporter -->
<testsuite hostname="Pradeepkulal-PC" failures="0" tests="1" name="org.intuitiveapps.Kycee.Tests.SignUpPageTest" time="16.391" errors="0" timestamp="2024-04-05T18:08:04 IST" skipped="0">
  <testcase classname="org.intuitiveapps.Kycee.Tests.SignUpPageTest" name="SignUpTest" time="16.391"/>
</testsuite> <!-- org.intuitiveapps.Kycee.Tests.SignUpPageTest -->
