<?xml version="1.0" encoding="UTF-8"?>
<!-- Generated by org.testng.reporters.JUnitReportReporter -->
<testsuite hostname="LAPTOP-EJSMVPFR" failures="0" tests="1" name="org.intuitiveapps.Kycee.Tests.ErrorValidationsInLoginTest" time="13.448" errors="0" timestamp="2024-01-19T17:25:42 IST" skipped="0">
  <testcase classname="org.intuitiveapps.Kycee.Tests.ErrorValidationsInLoginTest" name="LoginWithValidCredentials" time="13.448"/>
</testsuite> <!-- org.intuitiveapps.Kycee.Tests.ErrorValidationsInLoginTest -->
