<?xml version="1.0" encoding="UTF-8"?>
<!-- Generated by org.testng.reporters.JUnitReportReporter -->
<testsuite hostname="Pradeepkulal-PC" failures="1" tests="5" name="org.intuitiveapps.Kycee.Tests.SignUpPageTest" time="62.546" errors="0" timestamp="2024-08-20T13:21:59 IST" skipped="4">
  <testcase classname="org.intuitiveapps.Kycee.Tests.SignUpPageTest" name="validateErrorMessageInSignUpPage" time="62.546">
    <failure message="The following asserts failed:
	expected [The email address provided is not valid.] but found [Kindly enter a valid email address.],
	expected [The phone number provided is not valid.] but found [Phone number is not valid],
	expected [Password Error Message is not proper] but found [Please provide a valid password.],
	expected [Confirm password Error Message is not proper] but found [Please confirm your password and ensure it matches the original.],
	expected [Company Name Error Message is not proper] but found [Please enter a valid company name.]" type="java.lang.AssertionError">
      <![CDATA[java.lang.AssertionError: The following asserts failed:
expected [The email address provided is not valid.] but found [Kindly enter a valid email address.],
expected [The phone number provided is not valid.] but found [Phone number is not valid],
expected [Password Error Message is not proper] but found [Please provide a valid password.],
expected [Confirm password Error Message is not proper] but found [Please confirm your password and ensure it matches the original.],
expected [Company Name Error Message is not proper] but found [Please enter a valid company name.]
at org.testng.asserts.SoftAssert.assertAll(SoftAssert.java:46)
at org.testng.asserts.SoftAssert.assertAll(SoftAssert.java:30)
at org.intuitiveapps.Kycee.Tests.SignUpPageTest.validateErrorMessageInSignUpPage(SignUpPageTest.java:45)
at java.base/jdk.internal.reflect.NativeMethodAccessorImpl.invoke0(Native Method)
at java.base/jdk.internal.reflect.NativeMethodAccessorImpl.invoke(NativeMethodAccessorImpl.java:77)
at java.base/jdk.internal.reflect.DelegatingMethodAccessorImpl.invoke(DelegatingMethodAccessorImpl.java:43)
at java.base/java.lang.reflect.Method.invoke(Method.java:568)
at org.testng.internal.invokers.MethodInvocationHelper.invokeMethod(MethodInvocationHelper.java:139)
at org.testng.internal.invokers.TestInvoker.invokeMethod(TestInvoker.java:664)
at org.testng.internal.invokers.TestInvoker.invokeTestMethod(TestInvoker.java:228)
at org.testng.internal.invokers.MethodRunner.runInSequence(MethodRunner.java:63)
at org.testng.internal.invokers.TestInvoker$MethodInvocationAgent.invoke(TestInvoker.java:961)
at org.testng.internal.invokers.TestInvoker.invokeTestMethods(TestInvoker.java:201)
at org.testng.internal.invokers.TestMethodWorker.invokeTestMethods(TestMethodWorker.java:148)
at org.testng.internal.invokers.TestMethodWorker.run(TestMethodWorker.java:128)
at java.base/java.util.ArrayList.forEach(ArrayList.java:1511)
at org.testng.TestRunner.privateRun(TestRunner.java:819)
at org.testng.TestRunner.run(TestRunner.java:619)
at org.testng.SuiteRunner.runTest(SuiteRunner.java:443)
at org.testng.SuiteRunner.runSequentially(SuiteRunner.java:437)
at org.testng.SuiteRunner.privateRun(SuiteRunner.java:397)
at org.testng.SuiteRunner.run(SuiteRunner.java:336)
at org.testng.SuiteRunnerWorker.runSuite(SuiteRunnerWorker.java:52)
at org.testng.SuiteRunnerWorker.run(SuiteRunnerWorker.java:95)
at org.testng.TestNG.runSuitesSequentially(TestNG.java:1301)
at org.testng.TestNG.runSuitesLocally(TestNG.java:1228)
at org.testng.TestNG.runSuites(TestNG.java:1134)
at org.testng.TestNG.run(TestNG.java:1101)
at org.testng.remote.AbstractRemoteTestNG.run(AbstractRemoteTestNG.java:115)
at org.testng.remote.RemoteTestNG.initAndRun(RemoteTestNG.java:251)
at org.testng.remote.RemoteTestNG.main(RemoteTestNG.java:77)
]]>
    </failure>
  </testcase> <!-- validateErrorMessageInSignUpPage -->
  <testcase classname="org.intuitiveapps.Kycee.Tests.SignUpPageTest" name="SignUpAsCustumerWithValidData">
    <skipped/>
  </testcase> <!-- SignUpAsCustumerWithValidData -->
  <testcase classname="org.intuitiveapps.Kycee.Tests.SignUpPageTest" name="SignUpAsBusiessAdminWithoutCIN">
    <skipped/>
  </testcase> <!-- SignUpAsBusiessAdminWithoutCIN -->
  <testcase classname="org.intuitiveapps.Kycee.Tests.SignUpPageTest" name="SignUpAsBusiessAdminWithValidData">
    <skipped/>
  </testcase> <!-- SignUpAsBusiessAdminWithValidData -->
  <testcase classname="org.intuitiveapps.Kycee.Tests.SignUpPageTest" name="SignUpAsBusiessAdminWithoutGSTIN">
    <skipped/>
  </testcase> <!-- SignUpAsBusiessAdminWithoutGSTIN -->
</testsuite> <!-- org.intuitiveapps.Kycee.Tests.SignUpPageTest -->
