<?xml version="1.0" encoding="UTF-8"?>
<!-- Generated by org.testng.reporters.JUnitReportReporter -->
<testsuite hostname="Pradeepkulal-PC" failures="0" tests="105" name="org.intuitiveapps.Kycee.Tests.GurujiTest" time="1740.743" errors="0" timestamp="2024-07-19T11:17:11 IST" skipped="0">
  <testcase classname="org.intuitiveapps.Kycee.Tests.GurujiTest" name="createExpensesTest" time="16.031"/>
  <testcase classname="org.intuitiveapps.Kycee.Tests.GurujiTest" name="createExpensesTest" time="13.007"/>
  <testcase classname="org.intuitiveapps.Kycee.Tests.GurujiTest" name="createExpensesTest" time="16.418"/>
  <testcase classname="org.intuitiveapps.Kycee.Tests.GurujiTest" name="createExpensesTest" time="40.763"/>
  <testcase classname="org.intuitiveapps.Kycee.Tests.GurujiTest" name="createExpensesTest" time="21.667"/>
  <testcase classname="org.intuitiveapps.Kycee.Tests.GurujiTest" name="createExpensesTest" time="13.557"/>
  <testcase classname="org.intuitiveapps.Kycee.Tests.GurujiTest" name="createExpensesTest" time="27.161"/>
  <testcase classname="org.intuitiveapps.Kycee.Tests.GurujiTest" name="createExpensesTest" time="12.059"/>
  <testcase classname="org.intuitiveapps.Kycee.Tests.GurujiTest" name="createExpensesTest" time="15.751"/>
  <testcase classname="org.intuitiveapps.Kycee.Tests.GurujiTest" name="createExpensesTest" time="13.932"/>
  <testcase classname="org.intuitiveapps.Kycee.Tests.GurujiTest" name="createExpensesTest" time="15.140"/>
  <testcase classname="org.intuitiveapps.Kycee.Tests.GurujiTest" name="createExpensesTest" time="16.084"/>
  <testcase classname="org.intuitiveapps.Kycee.Tests.GurujiTest" name="createExpensesTest" time="15.458"/>
  <testcase classname="org.intuitiveapps.Kycee.Tests.GurujiTest" name="createExpensesTest" time="13.541"/>
  <testcase classname="org.intuitiveapps.Kycee.Tests.GurujiTest" name="createExpensesTest" time="17.879"/>
  <testcase classname="org.intuitiveapps.Kycee.Tests.GurujiTest" name="createExpensesTest" time="15.227"/>
  <testcase classname="org.intuitiveapps.Kycee.Tests.GurujiTest" name="createExpensesTest" time="16.051"/>
  <testcase classname="org.intuitiveapps.Kycee.Tests.GurujiTest" name="createExpensesTest" time="20.701"/>
  <testcase classname="org.intuitiveapps.Kycee.Tests.GurujiTest" name="createExpensesTest" time="12.290"/>
  <testcase classname="org.intuitiveapps.Kycee.Tests.GurujiTest" name="createExpensesTest" time="21.252"/>
  <testcase classname="org.intuitiveapps.Kycee.Tests.GurujiTest" name="createExpensesTest" time="14.218"/>
  <testcase classname="org.intuitiveapps.Kycee.Tests.GurujiTest" name="createExpensesTest" time="18.081"/>
  <testcase classname="org.intuitiveapps.Kycee.Tests.GurujiTest" name="createExpensesTest" time="27.377"/>
  <testcase classname="org.intuitiveapps.Kycee.Tests.GurujiTest" name="createExpensesTest" time="15.821"/>
  <testcase classname="org.intuitiveapps.Kycee.Tests.GurujiTest" name="createExpensesTest" time="15.045"/>
  <testcase classname="org.intuitiveapps.Kycee.Tests.GurujiTest" name="createExpensesTest" time="15.408"/>
  <testcase classname="org.intuitiveapps.Kycee.Tests.GurujiTest" name="createExpensesTest" time="12.902"/>
  <testcase classname="org.intuitiveapps.Kycee.Tests.GurujiTest" name="createExpensesTest" time="12.631"/>
  <testcase classname="org.intuitiveapps.Kycee.Tests.GurujiTest" name="createExpensesTest" time="15.665"/>
  <testcase classname="org.intuitiveapps.Kycee.Tests.GurujiTest" name="createExpensesTest" time="14.851"/>
  <testcase classname="org.intuitiveapps.Kycee.Tests.GurujiTest" name="createExpensesTest" time="21.081"/>
  <testcase classname="org.intuitiveapps.Kycee.Tests.GurujiTest" name="createExpensesTest" time="11.592"/>
  <testcase classname="org.intuitiveapps.Kycee.Tests.GurujiTest" name="createExpensesTest" time="20.564"/>
  <testcase classname="org.intuitiveapps.Kycee.Tests.GurujiTest" name="createExpensesTest" time="14.032"/>
  <testcase classname="org.intuitiveapps.Kycee.Tests.GurujiTest" name="createExpensesTest" time="16.254"/>
  <testcase classname="org.intuitiveapps.Kycee.Tests.GurujiTest" name="createExpensesTest" time="20.691"/>
  <testcase classname="org.intuitiveapps.Kycee.Tests.GurujiTest" name="createExpensesTest" time="16.131"/>
  <testcase classname="org.intuitiveapps.Kycee.Tests.GurujiTest" name="createExpensesTest" time="18.509"/>
  <testcase classname="org.intuitiveapps.Kycee.Tests.GurujiTest" name="createExpensesTest" time="12.950"/>
  <testcase classname="org.intuitiveapps.Kycee.Tests.GurujiTest" name="createExpensesTest" time="12.036"/>
  <testcase classname="org.intuitiveapps.Kycee.Tests.GurujiTest" name="createExpensesTest" time="16.842"/>
  <testcase classname="org.intuitiveapps.Kycee.Tests.GurujiTest" name="createExpensesTest" time="15.627"/>
  <testcase classname="org.intuitiveapps.Kycee.Tests.GurujiTest" name="createExpensesTest" time="13.998"/>
  <testcase classname="org.intuitiveapps.Kycee.Tests.GurujiTest" name="createExpensesTest" time="18.828"/>
  <testcase classname="org.intuitiveapps.Kycee.Tests.GurujiTest" name="createExpensesTest" time="18.823"/>
  <testcase classname="org.intuitiveapps.Kycee.Tests.GurujiTest" name="createExpensesTest" time="18.532"/>
  <testcase classname="org.intuitiveapps.Kycee.Tests.GurujiTest" name="createExpensesTest" time="14.519"/>
  <testcase classname="org.intuitiveapps.Kycee.Tests.GurujiTest" name="createExpensesTest" time="13.650"/>
  <testcase classname="org.intuitiveapps.Kycee.Tests.GurujiTest" name="createExpensesTest" time="17.214"/>
  <testcase classname="org.intuitiveapps.Kycee.Tests.GurujiTest" name="createExpensesTest" time="12.092"/>
  <testcase classname="org.intuitiveapps.Kycee.Tests.GurujiTest" name="createExpensesTest" time="12.210"/>
  <testcase classname="org.intuitiveapps.Kycee.Tests.GurujiTest" name="createExpensesTest" time="14.873"/>
  <testcase classname="org.intuitiveapps.Kycee.Tests.GurujiTest" name="createExpensesTest" time="12.167"/>
  <testcase classname="org.intuitiveapps.Kycee.Tests.GurujiTest" name="createExpensesTest" time="14.013"/>
  <testcase classname="org.intuitiveapps.Kycee.Tests.GurujiTest" name="createExpensesTest" time="33.144"/>
  <testcase classname="org.intuitiveapps.Kycee.Tests.GurujiTest" name="createExpensesTest" time="19.569"/>
  <testcase classname="org.intuitiveapps.Kycee.Tests.GurujiTest" name="createExpensesTest" time="11.769"/>
  <testcase classname="org.intuitiveapps.Kycee.Tests.GurujiTest" name="createExpensesTest" time="15.113"/>
  <testcase classname="org.intuitiveapps.Kycee.Tests.GurujiTest" name="createExpensesTest" time="19.959"/>
  <testcase classname="org.intuitiveapps.Kycee.Tests.GurujiTest" name="createExpensesTest" time="24.008"/>
  <testcase classname="org.intuitiveapps.Kycee.Tests.GurujiTest" name="createExpensesTest" time="14.062"/>
  <testcase classname="org.intuitiveapps.Kycee.Tests.GurujiTest" name="createExpensesTest" time="20.088"/>
  <testcase classname="org.intuitiveapps.Kycee.Tests.GurujiTest" name="createExpensesTest" time="16.777"/>
  <testcase classname="org.intuitiveapps.Kycee.Tests.GurujiTest" name="createExpensesTest" time="13.457"/>
  <testcase classname="org.intuitiveapps.Kycee.Tests.GurujiTest" name="createExpensesTest" time="11.333"/>
  <testcase classname="org.intuitiveapps.Kycee.Tests.GurujiTest" name="createExpensesTest" time="14.726"/>
  <testcase classname="org.intuitiveapps.Kycee.Tests.GurujiTest" name="createExpensesTest" time="12.505"/>
  <testcase classname="org.intuitiveapps.Kycee.Tests.GurujiTest" name="createExpensesTest" time="12.285"/>
  <testcase classname="org.intuitiveapps.Kycee.Tests.GurujiTest" name="createExpensesTest" time="12.755"/>
  <testcase classname="org.intuitiveapps.Kycee.Tests.GurujiTest" name="createExpensesTest" time="12.226"/>
  <testcase classname="org.intuitiveapps.Kycee.Tests.GurujiTest" name="createExpensesTest" time="15.918"/>
  <testcase classname="org.intuitiveapps.Kycee.Tests.GurujiTest" name="createExpensesTest" time="15.756"/>
  <testcase classname="org.intuitiveapps.Kycee.Tests.GurujiTest" name="createExpensesTest" time="12.223"/>
  <testcase classname="org.intuitiveapps.Kycee.Tests.GurujiTest" name="createExpensesTest" time="15.392"/>
  <testcase classname="org.intuitiveapps.Kycee.Tests.GurujiTest" name="createExpensesTest" time="14.496"/>
  <testcase classname="org.intuitiveapps.Kycee.Tests.GurujiTest" name="createExpensesTest" time="13.449"/>
  <testcase classname="org.intuitiveapps.Kycee.Tests.GurujiTest" name="createExpensesTest" time="22.483"/>
  <testcase classname="org.intuitiveapps.Kycee.Tests.GurujiTest" name="createExpensesTest" time="18.451"/>
  <testcase classname="org.intuitiveapps.Kycee.Tests.GurujiTest" name="createExpensesTest" time="16.837"/>
  <testcase classname="org.intuitiveapps.Kycee.Tests.GurujiTest" name="createExpensesTest" time="11.895"/>
  <testcase classname="org.intuitiveapps.Kycee.Tests.GurujiTest" name="createExpensesTest" time="12.353"/>
  <testcase classname="org.intuitiveapps.Kycee.Tests.GurujiTest" name="createExpensesTest" time="12.673"/>
  <testcase classname="org.intuitiveapps.Kycee.Tests.GurujiTest" name="createExpensesTest" time="15.876"/>
  <testcase classname="org.intuitiveapps.Kycee.Tests.GurujiTest" name="createExpensesTest" time="17.636"/>
  <testcase classname="org.intuitiveapps.Kycee.Tests.GurujiTest" name="createExpensesTest" time="12.043"/>
  <testcase classname="org.intuitiveapps.Kycee.Tests.GurujiTest" name="createExpensesTest" time="11.551"/>
  <testcase classname="org.intuitiveapps.Kycee.Tests.GurujiTest" name="createExpensesTest" time="23.632"/>
  <testcase classname="org.intuitiveapps.Kycee.Tests.GurujiTest" name="createExpensesTest" time="19.245"/>
  <testcase classname="org.intuitiveapps.Kycee.Tests.GurujiTest" name="createExpensesTest" time="25.691"/>
  <testcase classname="org.intuitiveapps.Kycee.Tests.GurujiTest" name="createExpensesTest" time="17.635"/>
  <testcase classname="org.intuitiveapps.Kycee.Tests.GurujiTest" name="createExpensesTest" time="14.031"/>
  <testcase classname="org.intuitiveapps.Kycee.Tests.GurujiTest" name="createExpensesTest" time="29.998"/>
  <testcase classname="org.intuitiveapps.Kycee.Tests.GurujiTest" name="createExpensesTest" time="18.693"/>
  <testcase classname="org.intuitiveapps.Kycee.Tests.GurujiTest" name="createExpensesTest" time="12.355"/>
  <testcase classname="org.intuitiveapps.Kycee.Tests.GurujiTest" name="createExpensesTest" time="16.895"/>
  <testcase classname="org.intuitiveapps.Kycee.Tests.GurujiTest" name="createExpensesTest" time="17.667"/>
  <testcase classname="org.intuitiveapps.Kycee.Tests.GurujiTest" name="createExpensesTest" time="11.992"/>
  <testcase classname="org.intuitiveapps.Kycee.Tests.GurujiTest" name="createExpensesTest" time="11.620"/>
  <testcase classname="org.intuitiveapps.Kycee.Tests.GurujiTest" name="createExpensesTest" time="11.691"/>
  <testcase classname="org.intuitiveapps.Kycee.Tests.GurujiTest" name="createExpensesTest" time="15.817"/>
  <testcase classname="org.intuitiveapps.Kycee.Tests.GurujiTest" name="createExpensesTest" time="19.490"/>
  <testcase classname="org.intuitiveapps.Kycee.Tests.GurujiTest" name="createExpensesTest" time="21.961"/>
  <testcase classname="org.intuitiveapps.Kycee.Tests.GurujiTest" name="createExpensesTest" time="14.279"/>
  <testcase classname="org.intuitiveapps.Kycee.Tests.GurujiTest" name="createExpensesTest" time="15.363"/>
  <testcase classname="org.intuitiveapps.Kycee.Tests.GurujiTest" name="createExpensesTest" time="26.684"/>
</testsuite> <!-- org.intuitiveapps.Kycee.Tests.GurujiTest -->
